[35m[Appium][39m Welcome to Appium v1.19.1
[35m[Appium][39m Non-default server args:
[35m[Appium][39m   port: 55974
[35m[Appium][39m   loglevel: info
[35m[Appium][39m   tmpDir: C:\Users\agung\AppData\Local\Temp\\Katalon\Appium\Temp1609215549358
[35m[Appium][39m   chromedriverPort: 55975
[35m[Appium][39m Deprecated server args:
[35m[Appium][39m   [31m--chromedriver-port[39m => --default-capabilities
[35m[Appium][39m Default capabilities, which will be added to each request unless overridden by desired capabilities:
[35m[Appium][39m   chromedriverPort: 55975
[35m[Appium][39m Appium REST http interface listener started on 0.0.0.0:55974
[35m[HTTP][39m [37m-->[39m [37mGET[39m [37m/wd/hub/status[39m
[35m[HTTP][39m [90m{}[39m
[35m[HTTP][39m [37m<-- GET /wd/hub/status [39m[32m200[39m [90m4 ms - 68[39m
[35m[HTTP][39m [90m[39m
[35m[HTTP][39m [37m-->[39m [37mGET[39m [37m/wd/hub/status[39m
[35m[HTTP][39m [90m{}[39m
[35m[HTTP][39m [37m<-- GET /wd/hub/status [39m[32m200[39m [90m1 ms - 68[39m
[35m[HTTP][39m [90m[39m
[35m[HTTP][39m [37m-->[39m [37mPOST[39m [37m/wd/hub/session[39m
[35m[HTTP][39m [90m{"desiredCapabilities":{"app":"C:\\Users\\agung\\Katalon Studio\\Agree Suite\\androidapp\\app-staging-suite-20201228.apk","noReset":true,"deviceName":"samsung SM-A515F (Android 10)","fullReset":false,"platform":"ANDROID","newCommandTimeout":1800,"platformVersion":"10","automationName":"uiautomator2","autoGrantPermissions":true,"platformName":"Android","udid":"RR8N60209JA","systemPort":55981},"capabilities":{"firstMatch":[{"appium:app":"C:\\Users\\agung\\Katalon Studio\\Agree Suite\\androidapp\\app-staging-suite-20201228.apk","appium:autoGrantPermissions":true,"appium:automationName":"uiautomator2","appium:deviceName":"samsung SM-A515F (Android 10)","appium:fullReset":false,"appium:newCommandTimeout":1800,"appium:noReset":true,"platform":"ANDROID","platformName":"android","appium:platformVersion":"10","appium:systemPort":55981,"appium:udid":"RR8N60209JA"}]}}[39m
[35m[BaseDriver][39m The following capabilities are not standard capabilities and should have an extension prefix:
[35m[BaseDriver][39m   platform
[35m[BaseDriver][39m   chromedriverPort
[35m[Appium][39m Appium v1.19.1 creating new AndroidUiautomator2Driver (v1.59.0) session
[35m[BaseDriver][39m The following capabilities were provided, but are not recognized by Appium:
[35m[BaseDriver][39m   platform
[35m[BaseDriver][39m Session created with session id: d368fb90-16aa-4eb1-9c45-e29b6e5c2788
[35m[BaseDriver][39m Using local app 'C:\Users\agung\Katalon Studio\Agree Suite\androidapp\app-staging-suite-20201228.apk'
[35m[ADB][39m Found 1 'build-tools' folders under 'C:\Users\agung\.katalon\tools\android_sdk' (newest first):
[35m[ADB][39m     C:/Users/agung/.katalon/tools/android_sdk/build-tools/29.0.3
[35m[ADB][39m Using 'adb.exe' from 'C:\Users\agung\.katalon\tools\android_sdk\platform-tools\adb.exe'
[35m[AndroidDriver][39m Retrieving device list
[35m[AndroidDriver][39m Using device: RR8N60209JA
[35m[ADB][39m Using 'adb.exe' from 'C:\Users\agung\.katalon\tools\android_sdk\platform-tools\adb.exe'
[35m[ADB][39m Getting device platform version
[35m[UiAutomator2][39m Relaxing hidden api policy
[35m[ADB][39m Package name: 'com.telkom.agreefarmer'
[35m[ADB][39m Main activity name: 'com.telkom.agreefarmer.MainActivity'
[35m[ADB][39m Using 'apksigner.jar' from 'C:\Users\agung\.katalon\tools\android_sdk\build-tools\29.0.3\lib\apksigner.jar'
[35m[ADB][39m 'C:\Users\agung\AppData\Roaming\npm\node_modules\appium\node_modules\appium-uiautomator2-server\apks\appium-uiautomator2-server-v4.15.0.apk' is signed with the default certificate
[35m[ADB][39m 'C:\Users\agung\AppData\Roaming\npm\node_modules\appium\node_modules\appium-uiautomator2-server\apks\appium-uiautomator2-server-debug-androidTest.apk' is signed with the default certificate
[35m[UiAutomator2][39m Server packages are not going to be (re)installed
[35m[ADB][39m 'C:\Users\agung\Katalon Studio\Agree Suite\androidapp\app-staging-suite-20201228.apk' is signed with a non-default certificate
[35m[UiAutomator2][39m Starting UIAutomator2 server 4.15.0
[35m[UiAutomator2][39m Using UIAutomator2 server from 'C:\Users\agung\AppData\Roaming\npm\node_modules\appium\node_modules\appium-uiautomator2-server\apks\appium-uiautomator2-server-v4.15.0.apk' and test from 'C:\Users\agung\AppData\Roaming\npm\node_modules\appium\node_modules\appium-uiautomator2-server\apks\appium-uiautomator2-server-debug-androidTest.apk'
[35m[UiAutomator2][39m Waiting up to 30000ms for UiAutomator2 to be online...
[35m[WD Proxy][39m socket hang up
[35m[WD Proxy][39m socket hang up
[35m[WD Proxy][39m socket hang up
[35m[WD Proxy][39m Determined the downstream protocol as 'W3C'
[35m[AndroidDriver][39m Screen already unlocked, doing nothing
[35m[UiAutomator2][39m Starting 'com.telkom.agreefarmer/com.telkom.agreefarmer.MainActivity and waiting for 'com.telkom.agreefarmer/com.telkom.agreefarmer.MainActivity'
[35m[Appium][39m New AndroidUiautomator2Driver session created successfully, session d368fb90-16aa-4eb1-9c45-e29b6e5c2788 added to master session list
[35m[HTTP][39m [37m<-- POST /wd/hub/session [39m[32m200[39m [90m12208 ms - 1336[39m
[35m[HTTP][39m [90m[39m
[35m[HTTP][39m [37m-->[39m [37mGET[39m [37m/wd/hub/session/d368fb90-16aa-4eb1-9c45-e29b6e5c2788[39m
[35m[HTTP][39m [90m{}[39m
[35m[HTTP][39m [37m<-- GET /wd/hub/session/d368fb90-16aa-4eb1-9c45-e29b6e5c2788 [39m[32m200[39m [90m11 ms - 1290[39m
[35m[HTTP][39m [90m[39m
[35m[HTTP][39m [37m-->[39m [37mGET[39m [37m/wd/hub/session/d368fb90-16aa-4eb1-9c45-e29b6e5c2788[39m
[35m[HTTP][39m [90m{}[39m
[35m[HTTP][39m [37m<-- GET /wd/hub/session/d368fb90-16aa-4eb1-9c45-e29b6e5c2788 [39m[32m200[39m [90m9 ms - 1290[39m
[35m[HTTP][39m [90m[39m
[35m[HTTP][39m [37m-->[39m [37mGET[39m [37m/wd/hub/status[39m
[35m[HTTP][39m [90m{}[39m
[35m[HTTP][39m [37m<-- GET /wd/hub/status [39m[32m200[39m [90m1 ms - 68[39m
[35m[HTTP][39m [90m[39m
[35m[HTTP][39m [37m-->[39m [37mPOST[39m [37m/wd/hub/session/d368fb90-16aa-4eb1-9c45-e29b6e5c2788/timeouts[39m
[35m[HTTP][39m [90m{"implicit":60000}[39m
[35m[HTTP][39m [37m<-- POST /wd/hub/session/d368fb90-16aa-4eb1-9c45-e29b6e5c2788/timeouts [39m[32m200[39m [90m3 ms - 14[39m
[35m[HTTP][39m [90m[39m
[35m[HTTP][39m [37m-->[39m [37mGET[39m [37m/wd/hub/session/d368fb90-16aa-4eb1-9c45-e29b6e5c2788/source[39m
[35m[HTTP][39m [90m{}[39m
[35m[W3C (d368fb90)][39m Driver proxy active, passing request on via HTTP proxy
[35m[WD Proxy][39m Replacing sessionId cad3eec7-1052-4da5-b1a4-b405c45023a1 with d368fb90-16aa-4eb1-9c45-e29b6e5c2788
[35m[HTTP][39m [37m<-- GET /wd/hub/session/d368fb90-16aa-4eb1-9c45-e29b6e5c2788/source [39m[32m200[39m [90m210 ms - 2790[39m
[35m[HTTP][39m [90m[39m
[35m[HTTP][39m [37m-->[39m [37mGET[39m [37m/wd/hub/session/d368fb90-16aa-4eb1-9c45-e29b6e5c2788/screenshot[39m
[35m[HTTP][39m [90m{}[39m
[35m[HTTP][39m [37m<-- GET /wd/hub/session/d368fb90-16aa-4eb1-9c45-e29b6e5c2788/screenshot [39m[32m200[39m [90m569 ms - 36808[39m
[35m[HTTP][39m [90m[39m
[35m[HTTP][39m [37m-->[39m [37mGET[39m [37m/wd/hub/session/d368fb90-16aa-4eb1-9c45-e29b6e5c2788/source[39m
[35m[HTTP][39m [90m{}[39m
[35m[W3C (d368fb90)][39m Driver proxy active, passing request on via HTTP proxy
[35m[WD Proxy][39m Replacing sessionId cad3eec7-1052-4da5-b1a4-b405c45023a1 with d368fb90-16aa-4eb1-9c45-e29b6e5c2788
[35m[HTTP][39m [37m<-- GET /wd/hub/session/d368fb90-16aa-4eb1-9c45-e29b6e5c2788/source [39m[32m200[39m [90m786 ms - 14797[39m
[35m[HTTP][39m [90m[39m
[35m[HTTP][39m [37m-->[39m [37mGET[39m [37m/wd/hub/session/d368fb90-16aa-4eb1-9c45-e29b6e5c2788/screenshot[39m
[35m[HTTP][39m [90m{}[39m
[35m[HTTP][39m [37m<-- GET /wd/hub/session/d368fb90-16aa-4eb1-9c45-e29b6e5c2788/screenshot [39m[32m200[39m [90m881 ms - 131278[39m
[35m[HTTP][39m [90m[39m
[35m[HTTP][39m [37m-->[39m [37mPOST[39m [37m/wd/hub/session/d368fb90-16aa-4eb1-9c45-e29b6e5c2788/elements[39m
[35m[HTTP][39m [90m{"using":"xpath","value":"//*[@class = 'android.widget.EditText' and (@text = 'Ketik password' or . = 'Ketik password')]"}[39m
[35m[HTTP][39m [37m<-- POST /wd/hub/session/d368fb90-16aa-4eb1-9c45-e29b6e5c2788/elements [39m[32m200[39m [90m472 ms - 139[39m
[35m[HTTP][39m [90m[39m
[35m[HTTP][39m [37m-->[39m [37mPOST[39m [37m/wd/hub/session/d368fb90-16aa-4eb1-9c45-e29b6e5c2788/elements[39m
[35m[HTTP][39m [90m{"using":"xpath","value":"//*[@class = 'android.widget.ImageView' and (@text = '' or . = '')]"}[39m
[35m[HTTP][39m [37m<-- POST /wd/hub/session/d368fb90-16aa-4eb1-9c45-e29b6e5c2788/elements [39m[32m200[39m [90m312 ms - 139[39m
[35m[HTTP][39m [90m[39m
[35m[HTTP][39m [37m-->[39m [37mPOST[39m [37m/wd/hub/session/d368fb90-16aa-4eb1-9c45-e29b6e5c2788/elements[39m
[35m[HTTP][39m [90m{"using":"xpath","value":"//*[@class = 'android.view.ViewGroup' and (@text = '' or . = '')]"}[39m
[35m[HTTP][39m [37m<-- POST /wd/hub/session/d368fb90-16aa-4eb1-9c45-e29b6e5c2788/elements [39m[32m200[39m [90m252 ms - 2059[39m
[35m[HTTP][39m [90m[39m
[35m[HTTP][39m [37m-->[39m [37mPOST[39m [37m/wd/hub/session/d368fb90-16aa-4eb1-9c45-e29b6e5c2788/elements[39m
[35m[HTTP][39m [90m{"using":"-android uiautomator","value":"new UiSelector().className(\"android.view.ViewGroup\")"}[39m
[35m[HTTP][39m [37m<-- POST /wd/hub/session/d368fb90-16aa-4eb1-9c45-e29b6e5c2788/elements [39m[32m200[39m [90m1063 ms - 2059[39m
[35m[HTTP][39m [90m[39m
[35m[HTTP][39m [37m-->[39m [37mPOST[39m [37m/wd/hub/session/d368fb90-16aa-4eb1-9c45-e29b6e5c2788/elements[39m
[35m[HTTP][39m [90m{"using":"xpath","value":"//*[@class = 'android.widget.TextView' and (@text = 'Ingat Saya' or . = 'Ingat Saya')]"}[39m
[35m[HTTP][39m [37m<-- POST /wd/hub/session/d368fb90-16aa-4eb1-9c45-e29b6e5c2788/elements [39m[32m200[39m [90m217 ms - 139[39m
[35m[HTTP][39m [90m[39m
[35m[HTTP][39m [37m-->[39m [37mPOST[39m [37m/wd/hub/session/d368fb90-16aa-4eb1-9c45-e29b6e5c2788/elements[39m
[35m[HTTP][39m [90m{"using":"xpath","value":"//*[@class = 'android.widget.TextView' and (@text = 'Lupa password?' or . = 'Lupa password?')]"}[39m
[35m[HTTP][39m [37m<-- POST /wd/hub/session/d368fb90-16aa-4eb1-9c45-e29b6e5c2788/elements [39m[32m200[39m [90m188 ms - 139[39m
[35m[HTTP][39m [90m[39m
[35m[HTTP][39m [37m-->[39m [37mPOST[39m [37m/wd/hub/session/d368fb90-16aa-4eb1-9c45-e29b6e5c2788/elements[39m
[35m[HTTP][39m [90m{"using":"xpath","value":"//*[@class = 'android.view.ViewGroup' and (@text = '' or . = '')]"}[39m
[35m[HTTP][39m [37m<-- POST /wd/hub/session/d368fb90-16aa-4eb1-9c45-e29b6e5c2788/elements [39m[32m200[39m [90m228 ms - 2059[39m
[35m[HTTP][39m [90m[39m
[35m[HTTP][39m [37m-->[39m [37mPOST[39m [37m/wd/hub/session/d368fb90-16aa-4eb1-9c45-e29b6e5c2788/elements[39m
[35m[HTTP][39m [90m{"using":"-android uiautomator","value":"new UiSelector().className(\"android.view.ViewGroup\")"}[39m
[35m[HTTP][39m [37m<-- POST /wd/hub/session/d368fb90-16aa-4eb1-9c45-e29b6e5c2788/elements [39m[32m200[39m [90m857 ms - 2059[39m
[35m[HTTP][39m [90m[39m
[35m[HTTP][39m [37m-->[39m [37mPOST[39m [37m/wd/hub/session/d368fb90-16aa-4eb1-9c45-e29b6e5c2788/elements[39m
[35m[HTTP][39m [90m{"using":"xpath","value":"//*[@class = 'android.widget.TextView' and (@text = 'Masuk' or . = 'Masuk')]"}[39m
[35m[HTTP][39m [37m<-- POST /wd/hub/session/d368fb90-16aa-4eb1-9c45-e29b6e5c2788/elements [39m[32m200[39m [90m202 ms - 139[39m
[35m[HTTP][39m [90m[39m
[35m[HTTP][39m [37m-->[39m [37mPOST[39m [37m/wd/hub/session/d368fb90-16aa-4eb1-9c45-e29b6e5c2788/elements[39m
[35m[HTTP][39m [90m{"using":"xpath","value":"//*[@class = 'android.widget.TextView' and (@text = 'Belum punya akun?' or . = 'Belum punya akun?')]"}[39m
[35m[HTTP][39m [37m<-- POST /wd/hub/session/d368fb90-16aa-4eb1-9c45-e29b6e5c2788/elements [39m[32m200[39m [90m183 ms - 139[39m
[35m[HTTP][39m [90m[39m
[35m[HTTP][39m [37m-->[39m [37mPOST[39m [37m/wd/hub/session/d368fb90-16aa-4eb1-9c45-e29b6e5c2788/elements[39m
[35m[HTTP][39m [90m{"using":"xpath","value":"//*[@class = 'android.view.ViewGroup' and (@text = '' or . = '')]"}[39m
[35m[HTTP][39m [37m<-- POST /wd/hub/session/d368fb90-16aa-4eb1-9c45-e29b6e5c2788/elements [39m[32m200[39m [90m208 ms - 2059[39m
[35m[HTTP][39m [90m[39m
[35m[HTTP][39m [37m-->[39m [37mPOST[39m [37m/wd/hub/session/d368fb90-16aa-4eb1-9c45-e29b6e5c2788/elements[39m
[35m[HTTP][39m [90m{"using":"-android uiautomator","value":"new UiSelector().className(\"android.view.ViewGroup\")"}[39m
[35m[HTTP][39m [37m<-- POST /wd/hub/session/d368fb90-16aa-4eb1-9c45-e29b6e5c2788/elements [39m[32m200[39m [90m731 ms - 2059[39m
[35m[HTTP][39m [90m[39m
[35m[HTTP][39m [37m-->[39m [37mPOST[39m [37m/wd/hub/session/d368fb90-16aa-4eb1-9c45-e29b6e5c2788/elements[39m
[35m[HTTP][39m [90m{"using":"xpath","value":"//*[@class = 'android.widget.TextView' and (@text = 'Buat Akun' or . = 'Buat Akun')]"}[39m
[35m[HTTP][39m [37m<-- POST /wd/hub/session/d368fb90-16aa-4eb1-9c45-e29b6e5c2788/elements [39m[32m200[39m [90m230 ms - 139[39m
[35m[HTTP][39m [90m[39m
[35m[HTTP][39m [37m-->[39m [37mGET[39m [37m/wd/hub/session/d368fb90-16aa-4eb1-9c45-e29b6e5c2788/source[39m
[35m[HTTP][39m [90m{}[39m
[35m[W3C (d368fb90)][39m Driver proxy active, passing request on via HTTP proxy
[35m[WD Proxy][39m Replacing sessionId cad3eec7-1052-4da5-b1a4-b405c45023a1 with d368fb90-16aa-4eb1-9c45-e29b6e5c2788
[35m[HTTP][39m [37m<-- GET /wd/hub/session/d368fb90-16aa-4eb1-9c45-e29b6e5c2788/source [39m[32m200[39m [90m1185 ms - 18409[39m
[35m[HTTP][39m [90m[39m
[35m[HTTP][39m [37m-->[39m [37mGET[39m [37m/wd/hub/session/d368fb90-16aa-4eb1-9c45-e29b6e5c2788/screenshot[39m
[35m[HTTP][39m [90m{}[39m
[35m[HTTP][39m [37m<-- GET /wd/hub/session/d368fb90-16aa-4eb1-9c45-e29b6e5c2788/screenshot [39m[32m200[39m [90m1224 ms - 576260[39m
[35m[HTTP][39m [90m[39m
[35m[HTTP][39m [37m-->[39m [37mPOST[39m [37m/wd/hub/session/d368fb90-16aa-4eb1-9c45-e29b6e5c2788/elements[39m
[35m[HTTP][39m [90m{"using":"xpath","value":"//*[@class = 'android.widget.TextView' and (@text = 'Agung' or . = 'Agung')]"}[39m
[35m[HTTP][39m [37m<-- POST /wd/hub/session/d368fb90-16aa-4eb1-9c45-e29b6e5c2788/elements [39m[32m200[39m [90m214 ms - 139[39m
[35m[HTTP][39m [90m[39m
[35m[HTTP][39m [37m-->[39m [37mDELETE[39m [37m/wd/hub/session/d368fb90-16aa-4eb1-9c45-e29b6e5c2788[39m
[35m[HTTP][39m [90m{}[39m
[35m[Appium][39m Removing session d368fb90-16aa-4eb1-9c45-e29b6e5c2788 from our master session list
[35m[WD Proxy][39m socket hang up
[35m[UiAutomator2][39m Did not get confirmation UiAutomator2 deleteSession worked; Error was: UnknownError: An unknown server-side error occurred while processing the command. Original error: Could not proxy command to the remote server. Original error: socket hang up
[35m[UiAutomator2][39m Restoring hidden api policy to the device default configuration
[35m[HTTP][39m [37m<-- DELETE /wd/hub/session/d368fb90-16aa-4eb1-9c45-e29b6e5c2788 [39m[32m200[39m [90m568 ms - 14[39m
[35m[HTTP][39m [90m[39m
